<?xml version="1.0" encoding="UTF-8" ?>
<testsuite errors="0" failures="0" hostname="DESKTOP-TA35N5U" name="BoardModelTest" skipped="0" tests="21" time="0.203" timestamp="2021-12-02T20:33:17">
  <properties>
[...]
</properties>
  <testcase classname="BoardModelTest" name="testPlayerSellProperty" time="0.031" />
  <testcase classname="BoardModelTest" name="testBuyUtility" time="0.0" />
  <testcase classname="BoardModelTest" name="testBuyRailroad" time="0.0" />
  <testcase classname="BoardModelTest" name="testFreeParking" time="0.016" />
  <testcase classname="BoardModelTest" name="testPlayerCurrentCell" time="0.0" />
  <testcase classname="BoardModelTest" name="testRollDoublesJail" time="0.0" />
  <testcase classname="BoardModelTest" name="testGO" time="0.0" />
  <testcase classname="BoardModelTest" name="testPropertyNotImmediatelySellable" time="0.016" />
  <testcase classname="BoardModelTest" name="testPlayerPayRent" time="0.0" />
  <testcase classname="BoardModelTest" name="testBuyHouse" time="0.0" />
  <testcase classname="BoardModelTest" name="testLandOnBoughtRailroad" time="0.0" />
  <testcase classname="BoardModelTest" name="testPlayerBuyProperty" time="0.0" />
  <testcase classname="BoardModelTest" name="testPlayerPayTax" time="0.015" />
  <testcase classname="BoardModelTest" name="testRollThreeDoublesJail" time="0.0" />
  <testcase classname="BoardModelTest" name="testLandOnBoughtUtility" time="0.0" />
  <testcase classname="BoardModelTest" name="testPlayerCannotAffordFees" time="0.0" />
  <testcase classname="BoardModelTest" name="testLandOnGoToJail" time="0.016" />
  <testcase classname="BoardModelTest" name="testRollingDoublesGivesAnotherRoll" time="0.0" />
  <testcase classname="BoardModelTest" name="testMovePlayer" time="0.0" />
  <testcase classname="BoardModelTest" name="testBuyOutOfJail" time="0.0" />
  <testcase classname="BoardModelTest" name="testPropertiesBecomeSellableAfterTurnPass" time="0.015" />
  <system-out><![CDATA[]]></system-out>
  <system-err><![CDATA[]]></system-err>
</testsuite>
